<?xml version="1.0" encoding="UTF-8"?>
<!-- Generated by org.testng.reporters.JUnitReportReporter -->
<testsuite hostname="L-SFM38WDJC2" name="tripAction.testcases.Bookings" tests="1" failures="0" timestamp="21 Dec 2018 08:45:34 GMT" time="65.373" errors="0">
  <testcase name="searchHotels" time="65.373" classname="tripAction.testcases.Bookings"/>
</testsuite> <!-- tripAction.testcases.Bookings -->
