<?xml version="1.0" encoding="UTF-8"?>
<!-- Generated by org.testng.reporters.JUnitReportReporter -->
<testsuite hostname="L-SFM38WDJC2" name="tripAction.testcases.Bookings" tests="1" failures="0" timestamp="29 Dec 2018 23:34:18 GMT" time="42.233" errors="0">
  <testcase name="searchHotels" time="42.233" classname="tripAction.testcases.Bookings"/>
</testsuite> <!-- tripAction.testcases.Bookings -->
